-------------------------------------------------------------------------------
Test set: com.training.labour.LabourApplicationTests
-------------------------------------------------------------------------------
Tests run: 1, Failures: 0, Errors: 1, Skipped: 0, Time elapsed: 1.179 s <<< FAILURE! - in com.training.labour.LabourApplicationTests
com.training.labour.LabourApplicationTests  Time elapsed: 1.175 s  <<< ERROR!
java.lang.IllegalStateException: Unable to find a @SpringBootConfiguration, you need to use @ContextConfiguration or @SpringBootTest(classes=...) with your test

